<?xml version="1.0" encoding="UTF-8"?>
<testng-results skipped="0" failed="0" ignored="0" total="2" passed="2">
  <reporter-output>
  </reporter-output>
  <suite name="Suite" duration-ms="30090" started-at="2019-05-28T10:51:56Z" finished-at="2019-05-28T10:52:26Z">
    <groups>
    </groups>
    <test name="Test" duration-ms="30090" started-at="2019-05-28T10:51:56Z" finished-at="2019-05-28T10:52:26Z">
      <class name="com.utailerProject.test.DashBoardTesting">
        <test-method status="PASS" signature="setUp()[pri:0, instance:com.utailerProject.test.DashBoardTesting@6bdf28bb]" name="setUp" is-config="true" duration-ms="11450" started-at="2019-05-28T16:21:56Z" finished-at="2019-05-28T16:22:08Z">
          <reporter-output>
          </reporter-output>
        </test-method> <!-- setUp -->
        <test-method status="PASS" signature="verifyDasboardTitle()[pri:1, instance:com.utailerProject.test.DashBoardTesting@6bdf28bb]" name="verifyDasboardTitle" duration-ms="7" started-at="2019-05-28T16:22:08Z" finished-at="2019-05-28T16:22:08Z">
          <reporter-output>
          </reporter-output>
        </test-method> <!-- verifyDasboardTitle -->
        <test-method status="PASS" signature="setUp()[pri:0, instance:com.utailerProject.test.DashBoardTesting@6bdf28bb]" name="setUp" is-config="true" duration-ms="11181" started-at="2019-05-28T16:22:08Z" finished-at="2019-05-28T16:22:19Z">
          <reporter-output>
          </reporter-output>
        </test-method> <!-- setUp -->
        <test-method status="PASS" signature="verifyMenLink()[pri:2, instance:com.utailerProject.test.DashBoardTesting@6bdf28bb]" name="verifyMenLink" duration-ms="7431" started-at="2019-05-28T16:22:19Z" finished-at="2019-05-28T16:22:26Z">
          <reporter-output>
          </reporter-output>
        </test-method> <!-- verifyMenLink -->
      </class> <!-- com.utailerProject.test.DashBoardTesting -->
    </test> <!-- Test -->
  </suite> <!-- Suite -->
</testng-results>
