<?xml version="1.0" encoding="UTF-8"?>
<testng-results skipped="0" failed="0" ignored="0" total="2" passed="2">
  <reporter-output>
  </reporter-output>
  <suite name="Suite" duration-ms="50775" started-at="2019-06-06T06:11:15Z" finished-at="2019-06-06T06:12:06Z">
    <groups>
    </groups>
    <test name="Test" duration-ms="50775" started-at="2019-06-06T06:11:15Z" finished-at="2019-06-06T06:12:06Z">
      <class name="com.utailerProject.test.DashBoardTesting">
        <test-method status="PASS" signature="setUp()[pri:0, instance:com.utailerProject.test.DashBoardTesting@6b71769e]" name="setUp" is-config="true" duration-ms="26987" started-at="2019-06-06T11:41:15Z" finished-at="2019-06-06T11:41:42Z">
          <reporter-output>
          </reporter-output>
        </test-method> <!-- setUp -->
        <test-method status="PASS" signature="verifyDasboardTitle()[pri:0, instance:com.utailerProject.test.DashBoardTesting@6b71769e]" name="verifyDasboardTitle" duration-ms="12" started-at="2019-06-06T11:41:42Z" finished-at="2019-06-06T11:41:42Z">
          <reporter-output>
          </reporter-output>
        </test-method> <!-- verifyDasboardTitle -->
        <test-method status="PASS" signature="closeDriver()[pri:0, instance:com.utailerProject.test.DashBoardTesting@6b71769e]" name="closeDriver" is-config="true" duration-ms="2215" started-at="2019-06-06T11:41:42Z" finished-at="2019-06-06T11:41:45Z">
          <reporter-output>
          </reporter-output>
        </test-method> <!-- closeDriver -->
        <test-method status="PASS" signature="setUp()[pri:0, instance:com.utailerProject.test.DashBoardTesting@6b71769e]" name="setUp" is-config="true" duration-ms="10931" started-at="2019-06-06T11:41:45Z" finished-at="2019-06-06T11:41:55Z">
          <reporter-output>
          </reporter-output>
        </test-method> <!-- setUp -->
        <test-method status="PASS" signature="verifyMenLink()[pri:2, instance:com.utailerProject.test.DashBoardTesting@6b71769e]" name="verifyMenLink" duration-ms="8470" started-at="2019-06-06T11:41:55Z" finished-at="2019-06-06T11:42:04Z">
          <reporter-output>
          </reporter-output>
        </test-method> <!-- verifyMenLink -->
        <test-method status="PASS" signature="closeDriver()[pri:0, instance:com.utailerProject.test.DashBoardTesting@6b71769e]" name="closeDriver" is-config="true" duration-ms="2136" started-at="2019-06-06T11:42:04Z" finished-at="2019-06-06T11:42:06Z">
          <reporter-output>
          </reporter-output>
        </test-method> <!-- closeDriver -->
      </class> <!-- com.utailerProject.test.DashBoardTesting -->
    </test> <!-- Test -->
  </suite> <!-- Suite -->
</testng-results>
